2024-11-07 05:00:35.206+0000 [id=1]	INFO	winstone.Logger#logInternal: Beginning extraction from war file
2024-11-07 05:00:35.347+0000 [id=1]	WARNING	o.e.j.s.handler.ContextHandler#setContextPath: Empty contextPath
2024-11-07 05:00:35.441+0000 [id=1]	INFO	org.eclipse.jetty.server.Server#doStart: jetty-10.0.20; built: 2024-01-29T20:46:45.278Z; git: 3a745c71c23682146f262b99f4ddc4c1bc41630c; jvm 21.0.4+8-LTS-274
2024-11-07 05:00:43.009+0000 [id=1]	INFO	o.e.j.w.StandardDescriptorProcessor#visitServlet: NO JSP Support for /, did not find org.eclipse.jetty.jsp.JettyJspServlet
2024-11-07 05:00:43.134+0000 [id=1]	INFO	o.e.j.s.s.DefaultSessionIdManager#doStart: Session workerName=node0
2024-11-07 05:00:44.358+0000 [id=1]	INFO	hudson.WebAppMain#contextInitialized: Jenkins home directory: C:\ProgramData\Jenkins\.jenkins found at: EnvVars.masterEnvVars.get("JENKINS_HOME")
2024-11-07 05:00:44.874+0000 [id=1]	INFO	o.e.j.s.handler.ContextHandler#doStart: Started w.@1804f60d{Jenkins v2.462.2,/,file:///C:/ProgramData/Jenkins/war/,AVAILABLE}{C:\ProgramData\Jenkins\war}
2024-11-07 05:00:45.097+0000 [id=1]	INFO	o.e.j.server.AbstractConnector#doStart: Started ServerConnector@6f3b5d16{HTTP/1.1, (http/1.1)}{0.0.0.0:8080}
2024-11-07 05:00:45.172+0000 [id=1]	INFO	org.eclipse.jetty.server.Server#doStart: Started Server@233fe9b6{STARTING}[10.0.20,sto=0] @11211ms
2024-11-07 05:00:45.172+0000 [id=44]	INFO	winstone.Logger#logInternal: Winstone Servlet Engine running: controlPort=disabled
2024-11-07 05:00:45.656+0000 [id=49]	INFO	jenkins.InitReactorRunner$1#onAttained: Started initialization
2024-11-07 05:00:45.680+0000 [id=72]	INFO	jenkins.InitReactorRunner$1#onAttained: Listed all plugins
2024-11-07 05:00:47.904+0000 [id=65]	INFO	jenkins.InitReactorRunner$1#onAttained: Prepared all plugins
2024-11-07 05:00:47.916+0000 [id=49]	INFO	jenkins.InitReactorRunner$1#onAttained: Started all plugins
2024-11-07 05:00:47.927+0000 [id=68]	INFO	jenkins.InitReactorRunner$1#onAttained: Augmented all extensions
2024-11-07 05:00:48.625+0000 [id=67]	INFO	jenkins.InitReactorRunner$1#onAttained: System config loaded
2024-11-07 05:00:48.625+0000 [id=67]	INFO	jenkins.InitReactorRunner$1#onAttained: System config adapted
2024-11-07 05:00:48.625+0000 [id=62]	INFO	jenkins.InitReactorRunner$1#onAttained: Loaded all jobs
2024-11-07 05:00:48.625+0000 [id=72]	INFO	jenkins.InitReactorRunner$1#onAttained: Configuration for all jobs updated
2024-11-07 05:00:49.446+0000 [id=53]	INFO	jenkins.InitReactorRunner$1#onAttained: Completed initialization
2024-11-07 05:00:49.518+0000 [id=41]	INFO	hudson.lifecycle.Lifecycle#onReady: Jenkins is fully up and running
2024-11-07 05:18:02.726+0000 [id=1]	INFO	winstone.Logger#logInternal: Beginning extraction from war file
2024-11-07 05:18:02.857+0000 [id=1]	WARNING	o.e.j.s.handler.ContextHandler#setContextPath: Empty contextPath
2024-11-07 05:18:03.009+0000 [id=1]	INFO	org.eclipse.jetty.server.Server#doStart: jetty-10.0.20; built: 2024-01-29T20:46:45.278Z; git: 3a745c71c23682146f262b99f4ddc4c1bc41630c; jvm 21.0.4+8-LTS-274
2024-11-07 05:18:03.987+0000 [id=1]	INFO	o.e.j.w.StandardDescriptorProcessor#visitServlet: NO JSP Support for /, did not find org.eclipse.jetty.jsp.JettyJspServlet
2024-11-07 05:18:04.057+0000 [id=1]	INFO	o.e.j.s.s.DefaultSessionIdManager#doStart: Session workerName=node0
2024-11-07 05:18:04.934+0000 [id=1]	INFO	hudson.WebAppMain#contextInitialized: Jenkins home directory: C:\ProgramData\Jenkins\.jenkins found at: EnvVars.masterEnvVars.get("JENKINS_HOME")
2024-11-07 05:18:05.255+0000 [id=1]	INFO	o.e.j.s.handler.ContextHandler#doStart: Started w.@1804f60d{Jenkins v2.462.2,/,file:///C:/ProgramData/Jenkins/war/,AVAILABLE}{C:\ProgramData\Jenkins\war}
2024-11-07 05:18:05.499+0000 [id=1]	INFO	o.e.j.server.AbstractConnector#doStart: Started ServerConnector@6f3b5d16{HTTP/1.1, (http/1.1)}{0.0.0.0:8080}
2024-11-07 05:18:05.546+0000 [id=1]	INFO	org.eclipse.jetty.server.Server#doStart: Started Server@233fe9b6{STARTING}[10.0.20,sto=0] @3727ms
2024-11-07 05:18:05.548+0000 [id=44]	INFO	winstone.Logger#logInternal: Winstone Servlet Engine running: controlPort=disabled
2024-11-07 05:18:06.016+0000 [id=49]	INFO	jenkins.InitReactorRunner$1#onAttained: Started initialization
2024-11-07 05:18:06.039+0000 [id=71]	INFO	jenkins.InitReactorRunner$1#onAttained: Listed all plugins
2024-11-07 05:18:08.169+0000 [id=57]	INFO	jenkins.InitReactorRunner$1#onAttained: Prepared all plugins
2024-11-07 05:18:08.180+0000 [id=57]	INFO	jenkins.InitReactorRunner$1#onAttained: Started all plugins
2024-11-07 05:18:08.192+0000 [id=70]	INFO	jenkins.InitReactorRunner$1#onAttained: Augmented all extensions
2024-11-07 05:18:08.713+0000 [id=47]	INFO	jenkins.InitReactorRunner$1#onAttained: System config loaded
2024-11-07 05:18:08.713+0000 [id=66]	INFO	jenkins.InitReactorRunner$1#onAttained: System config adapted
2024-11-07 05:18:08.713+0000 [id=50]	INFO	jenkins.InitReactorRunner$1#onAttained: Loaded all jobs
2024-11-07 05:18:08.731+0000 [id=55]	INFO	jenkins.InitReactorRunner$1#onAttained: Configuration for all jobs updated
2024-11-07 05:18:09.398+0000 [id=59]	INFO	jenkins.InitReactorRunner$1#onAttained: Completed initialization
2024-11-07 05:18:09.488+0000 [id=41]	INFO	hudson.lifecycle.Lifecycle#onReady: Jenkins is fully up and running
2024-11-07 06:01:24.492+0000 [id=1]	INFO	winstone.Logger#logInternal: Beginning extraction from war file
2024-11-07 06:01:24.634+0000 [id=1]	WARNING	o.e.j.s.handler.ContextHandler#setContextPath: Empty contextPath
2024-11-07 06:01:24.728+0000 [id=1]	INFO	org.eclipse.jetty.server.Server#doStart: jetty-10.0.20; built: 2024-01-29T20:46:45.278Z; git: 3a745c71c23682146f262b99f4ddc4c1bc41630c; jvm 21.0.4+8-LTS-274
2024-11-07 06:01:29.853+0000 [id=1]	INFO	o.e.j.w.StandardDescriptorProcessor#visitServlet: NO JSP Support for /, did not find org.eclipse.jetty.jsp.JettyJspServlet
2024-11-07 06:01:29.978+0000 [id=1]	INFO	o.e.j.s.s.DefaultSessionIdManager#doStart: Session workerName=node0
2024-11-07 06:01:31.231+0000 [id=1]	INFO	hudson.WebAppMain#contextInitialized: Jenkins home directory: C:\ProgramData\Jenkins\.jenkins found at: EnvVars.masterEnvVars.get("JENKINS_HOME")
2024-11-07 06:01:31.566+0000 [id=1]	INFO	o.e.j.s.handler.ContextHandler#doStart: Started w.@1804f60d{Jenkins v2.462.2,/,file:///C:/ProgramData/Jenkins/war/,AVAILABLE}{C:\ProgramData\Jenkins\war}
2024-11-07 06:01:31.792+0000 [id=1]	INFO	o.e.j.server.AbstractConnector#doStart: Started ServerConnector@6f3b5d16{HTTP/1.1, (http/1.1)}{0.0.0.0:8080}
2024-11-07 06:01:31.883+0000 [id=1]	INFO	org.eclipse.jetty.server.Server#doStart: Started Server@233fe9b6{STARTING}[10.0.20,sto=0] @8516ms
2024-11-07 06:01:31.886+0000 [id=44]	INFO	winstone.Logger#logInternal: Winstone Servlet Engine running: controlPort=disabled
2024-11-07 06:01:32.222+0000 [id=49]	INFO	jenkins.InitReactorRunner$1#onAttained: Started initialization
2024-11-07 06:01:32.246+0000 [id=71]	INFO	jenkins.InitReactorRunner$1#onAttained: Listed all plugins
2024-11-07 06:01:34.176+0000 [id=65]	INFO	jenkins.InitReactorRunner$1#onAttained: Prepared all plugins
2024-11-07 06:01:34.244+0000 [id=59]	INFO	jenkins.InitReactorRunner$1#onAttained: Started all plugins
2024-11-07 06:01:34.255+0000 [id=72]	INFO	jenkins.InitReactorRunner$1#onAttained: Augmented all extensions
2024-11-07 06:01:35.185+0000 [id=71]	INFO	jenkins.InitReactorRunner$1#onAttained: System config loaded
2024-11-07 06:01:35.185+0000 [id=71]	INFO	jenkins.InitReactorRunner$1#onAttained: System config adapted
2024-11-07 06:01:35.185+0000 [id=71]	INFO	jenkins.InitReactorRunner$1#onAttained: Loaded all jobs
2024-11-07 06:01:35.185+0000 [id=71]	INFO	jenkins.InitReactorRunner$1#onAttained: Configuration for all jobs updated
2024-11-07 06:01:35.749+0000 [id=65]	INFO	jenkins.InitReactorRunner$1#onAttained: Completed initialization
2024-11-07 06:01:35.828+0000 [id=41]	INFO	hudson.lifecycle.Lifecycle#onReady: Jenkins is fully up and running
